<?xml version="1.0" encoding="UTF-8"?>
<!-- Generated by org.testng.reporters.JUnitReportReporter -->
<testsuite hostname="DESKTOP-7EUDCAL" failures="0" tests="1" name="com.janbask.tests.OrderTest" time="0.009" errors="0" timestamp="2022-02-25T20:52:56 GMT-05:00" skipped="0">
  <testcase classname="com.janbask.tests.OrderTest" name="orderTest" time="0.009"/>
  <system-out/>
</testsuite> <!-- com.janbask.tests.OrderTest -->
