<?xml version="1.0" encoding="UTF-8"?>
<!-- Generated by org.testng.reporters.JUnitReportReporter -->
<testsuite hostname="DESKTOP-7EUDCAL" failures="0" tests="1" name="Sample" time="0.012" errors="0" timestamp="2022-02-25T19:48:46 GMT-05:00" skipped="0">
  <testcase classname="Sample" name="test" time="0.012"/>
  <system-out/>
</testsuite> <!-- Sample -->
