<?xml version="1.0" encoding="UTF-8"?>
<!-- Generated by org.testng.reporters.JUnitReportReporter -->
<testsuite hostname="DESKTOP-7EUDCAL" failures="0" tests="4" name="TestngMethods" time="0.014" errors="0" timestamp="2022-02-25T20:46:37 GMT-05:00" skipped="0">
  <testcase classname="TestngMethods" name="method1" time="0.008"/>
  <system-out/>
  <testcase classname="TestngMethods" name="method4" time="0.001"/>
  <system-out/>
  <testcase classname="TestngMethods" name="method3" time="0.003"/>
  <system-out/>
  <testcase classname="TestngMethods" name="method2" time="0.002"/>
  <system-out/>
</testsuite> <!-- TestngMethods -->
