<?xml version="1.0" encoding="UTF-8"?>
<!-- Generated by org.testng.reporters.JUnitReportReporter -->
<testsuite hostname="DESKTOP-7EUDCAL" failures="0" tests="1" name="com.janbask.tests.LogoutTest" time="0.002" errors="0" timestamp="2022-02-25T20:55:06 GMT-05:00" skipped="0">
  <testcase classname="com.janbask.tests.LogoutTest" name="logoutTest" time="0.002"/>
  <system-out/>
</testsuite> <!-- com.janbask.tests.LogoutTest -->
