<?xml version="1.0" encoding="UTF-8"?>
<!-- Generated by org.testng.reporters.JUnitReportReporter -->
<testsuite hostname="DESKTOP-7EUDCAL" failures="0" tests="1" name="com.sauce.testcases.AddToCart" time="10.747" errors="0" timestamp="2022-02-28T20:46:12 GMT-05:00" skipped="0">
  <testcase classname="com.sauce.testcases.AddToCart" name="addTocartTest" time="10.747"/>
  <system-out/>
</testsuite> <!-- com.sauce.testcases.AddToCart -->
