<?xml version="1.0" encoding="UTF-8"?>
<!-- Generated by org.testng.reporters.JUnitReportReporter -->
<testsuite hostname="DESKTOP-7EUDCAL" failures="0" tests="1" name="com.sauce.testcases.LoginTest" time="9.818" errors="0" timestamp="2022-02-28T20:55:44 GMT-05:00" skipped="0">
  <testcase classname="com.sauce.testcases.LoginTest" name="login" time="9.818"/>
  <system-out/>
</testsuite> <!-- com.sauce.testcases.LoginTest -->
