<?xml version="1.0" encoding="UTF-8"?>
<!-- Generated by org.testng.reporters.JUnitReportReporter -->
<testsuite hostname="DESKTOP-7EUDCAL" failures="0" tests="1" name="com.sauce.testcases.AddToCartTest" time="11.669" errors="0" timestamp="2022-02-28T20:56:40 GMT-05:00" skipped="0">
  <testcase classname="com.sauce.testcases.AddToCartTest" name="addTocartTest" time="11.669"/>
  <system-out/>
</testsuite> <!-- com.sauce.testcases.AddToCartTest -->
